-----------------------------------------------------------------------------

Input image     : /home/joao/Update_ALF/lens_light_subtraction/1502/1502.fits[1:100,1:100] 
Init. par. file : ./1502/galfit_sph.feedme 
Restart file    : galfit.01 
Output image    : /home/joao/Update_ALF/lens_light_subtraction/1502/imgblock.fits 

 sersic    : (   50.49,    50.49)   18.81    538.05    5.50   [1.00]  -76.97
             (    0.01,     0.01)    0.24    155.76    0.32   [0.00] 124101.97
 sky       : [ 50.50,  50.50]  -4.85e-01  [0.00e+00]  [0.00e+00]
                                2.38e-02  [0.00e+00]  [0.00e+00]
 Chi^2 = 3325.19432,  ndof = 7424
 Chi^2/nu = 0.448 

-----------------------------------------------------------------------------
-----------------------------------------------------------------------------

Input image     : /home/joao/Update_ALF/lens_light_subtraction/2587/2587.fits[1:100,1:100] 
Init. par. file : ./2587/galfit_sph.feedme 
Restart file    : galfit.02 
Output image    : /home/joao/Update_ALF/lens_light_subtraction/2587/imgblock.fits 

 sersic    : (   50.56,    50.59)   20.58     83.49    3.86   [1.00]   -3.62
             (    0.02,     0.02)    0.12     12.43    0.19   [0.00] 143947.08
 sky       : [ 50.50,  50.50]  -2.54e-01  [0.00e+00]  [0.00e+00]
                                1.76e-02  [0.00e+00]  [0.00e+00]
 Chi^2 = 4967.41102,  ndof = 8275
 Chi^2/nu = 0.600 

-----------------------------------------------------------------------------
-----------------------------------------------------------------------------

Input image     : /home/joao/Update_ALF/lens_light_subtraction/2654/2654.fits[1:100,1:100] 
Init. par. file : ./2654/galfit_sph.feedme 
Restart file    : galfit.03 
Output image    : /home/joao/Update_ALF/lens_light_subtraction/2654/imgblock.fits 

 sersic    : (   49.86,    49.98)   21.36     20.44    0.13   [1.00]   39.00
             (    0.06,     0.06)    0.00      0.04    0.00   [0.00] 107246.55
 sky       : [ 50.50,  50.50]  4.87e-01  [0.00e+00]  [0.00e+00]
                                8.01e-03  [0.00e+00]  [0.00e+00]
 Chi^2 = 7291.42242,  ndof = 9046
 Chi^2/nu = 0.806 

-----------------------------------------------------------------------------
-----------------------------------------------------------------------------

Input image     : /home/joao/Update_ALF/lens_light_subtraction/1056/1056.fits[1:100,1:100] 
Init. par. file : ./1056/galfit_sph.feedme 
Restart file    : galfit.04 
Output image    : /home/joao/Update_ALF/lens_light_subtraction/1056/imgblock.fits 

 sersic    : (   50.50,    50.53)   17.46    503.30    8.73   [1.00]  -20.00
             (    0.01,     0.01)    0.21    164.50    0.51   [0.00] 234744.12
 sky       : [ 50.50,  50.50]    -1.44  [0.00e+00]  [0.00e+00]
                                  0.14  [0.00e+00]  [0.00e+00]
 Chi^2 = 32120.74015,  ndof = 9991
 Chi^2/nu = 3.215 

-----------------------------------------------------------------------------
-----------------------------------------------------------------------------

Input image     : /home/joao/Update_ALF/lens_light_subtraction/706/706.fits[1:100,1:100] 
Init. par. file : ./706/galfit_sph.feedme 
Restart file    : galfit.05 
Output image    : /home/joao/Update_ALF/lens_light_subtraction/706/imgblock.fits 

 sersic    : (   50.55,    50.46)   21.48    142.96    5.45   [1.00]   19.50
             (    0.03,     0.03)    0.35     75.06    0.80   [0.00] 338271.50
 sky       : [ 50.50,  50.50]  -4.00e-02  [0.00e+00]  [0.00e+00]
                                1.06e-02  [0.00e+00]  [0.00e+00]
 Chi^2 = 5411.51325,  ndof = 6198
 Chi^2/nu = 0.873 

-----------------------------------------------------------------------------
-----------------------------------------------------------------------------

Input image     : /home/joao/Update_ALF/lens_light_subtraction/107/107.fits[1:100,1:100] 
Init. par. file : ./107/galfit_sph.feedme 
Restart file    : galfit.06 
Output image    : /home/joao/Update_ALF/lens_light_subtraction/107/imgblock.fits 

 sersic    : (   50.47,    50.42)   19.89     97.88    6.14   [1.00]   59.45
             (    0.01,     0.01)    0.09     13.51    0.24   [0.00] 126159.59
 sky       : [ 50.50,  50.50]  -3.01e-01  [0.00e+00]  [0.00e+00]
                                2.02e-02  [0.00e+00]  [0.00e+00]
 Chi^2 = 5766.90425,  ndof = 9452
 Chi^2/nu = 0.610 

-----------------------------------------------------------------------------
-----------------------------------------------------------------------------

Input image     : /home/joao/Update_ALF/lens_light_subtraction/590/590.fits[1:100,1:100] 
Init. par. file : ./590/galfit_sph.feedme 
Restart file    : galfit.07 
Output image    : /home/joao/Update_ALF/lens_light_subtraction/590/imgblock.fits 

 sersic    : (   50.80,    50.11)   17.12   2830.84    6.92   [1.00]  -37.32
             (    0.04,     0.04)    0.80   2561.94    0.89   [0.00] 227790.94
 sky       : [ 50.50,  50.50]  -7.36e-01  [0.00e+00]  [0.00e+00]
                                7.55e-02  [0.00e+00]  [0.00e+00]
 Chi^2 = 10234.18163,  ndof = 9119
 Chi^2/nu = 1.122 

-----------------------------------------------------------------------------
-----------------------------------------------------------------------------

Input image     : /home/joao/Update_ALF/lens_light_subtraction/2469/2469.fits[1:100,1:100] 
Init. par. file : ./2469/galfit_sph.feedme 
Restart file    : galfit.08 
Output image    : /home/joao/Update_ALF/lens_light_subtraction/2469/imgblock.fits 

 sersic    : (   50.47,    50.55)   18.65    231.97    5.09   [1.00]   -1.19
             (    0.03,     0.03)    0.23     64.82    0.32   [0.00] 210047.28
 sky       : [ 50.50,  50.50]  -8.75e-01  [0.00e+00]  [0.00e+00]
                                8.24e-02  [0.00e+00]  [0.00e+00]
 Chi^2 = 13787.72100,  ndof = 9438
 Chi^2/nu = 1.461 

-----------------------------------------------------------------------------
-----------------------------------------------------------------------------

Input image     : /home/joao/Update_ALF/lens_light_subtraction/2414/2414.fits[1:100,1:100] 
Init. par. file : ./2414/galfit_sph.feedme 
Restart file    : galfit.09 
Output image    : /home/joao/Update_ALF/lens_light_subtraction/2414/imgblock.fits 

 sersic    : (   50.48,    50.53)   16.71   2173.80    4.78   [1.00]  -35.94
             (    0.08,     0.06)    1.16   2260.49    0.72   [0.00] 322476.00
 sky       : [ 50.50,  50.50]  -8.55e-01  [0.00e+00]  [0.00e+00]
                                1.42e-01  [0.00e+00]  [0.00e+00]
 Chi^2 = 8549.63499,  ndof = 8459
 Chi^2/nu = 1.011 

-----------------------------------------------------------------------------
-----------------------------------------------------------------------------

Input image     : /home/joao/Update_ALF/lens_light_subtraction/1601/1601.fits[1:100,1:100] 
Init. par. file : ./1601/galfit_sph.feedme 
Restart file    : galfit.10 
Output image    : /home/joao/Update_ALF/lens_light_subtraction/1601/imgblock.fits 

 sersic    : (   50.49,    50.52)   22.92     16.12    3.84   [1.00]  -72.19
             (    0.03,     0.03)    0.05      1.78    0.36   [0.00] 519547.72
 sky       : [ 50.50,  50.50]  3.57e-02  [0.00e+00]  [0.00e+00]
                                4.06e-03  [0.00e+00]  [0.00e+00]
 Chi^2 = 6330.00403,  ndof = 6368
 Chi^2/nu = 0.994 

-----------------------------------------------------------------------------
-----------------------------------------------------------------------------

Input image     : /home/joao/Update_ALF/lens_light_subtraction/2465/2465.fits[1:100,1:100] 
Init. par. file : ./2465/galfit_sph.feedme 
Restart file    : galfit.11 
Output image    : /home/joao/Update_ALF/lens_light_subtraction/2465/imgblock.fits 

 sersic    : (   50.44,    50.45)   16.03   7239.78  *11.11*  [1.00]  -70.94
             (    0.03,     0.03)    0.86   8878.42   *1.66*  [0.00] 334975.59
 sky       : [ 50.50,  50.50]    -1.08  [0.00e+00]  [0.00e+00]
                                  0.18  [0.00e+00]  [0.00e+00]
 Chi^2 = 17608.25710,  ndof = 9933
 Chi^2/nu = 1.773 

-----------------------------------------------------------------------------
-----------------------------------------------------------------------------

Input image     : /home/joao/Update_ALF/lens_light_subtraction/229/229.fits[1:100,1:100] 
Init. par. file : ./229/galfit_sph.feedme 
Restart file    : galfit.12 
Output image    : /home/joao/Update_ALF/lens_light_subtraction/229/imgblock.fits 

 sersic    : (   50.74,    50.59)   21.03     16.87    1.77   [1.00]   25.06
             (    0.02,     0.02)    0.01      0.24    0.03   [0.00] 77084.72
 sky       : [ 50.50,  50.50]  -4.27e-03  [0.00e+00]  [0.00e+00]
                                7.79e-03  [0.00e+00]  [0.00e+00]
 Chi^2 = 2382.50346,  ndof = 8119
 Chi^2/nu = 0.293 

-----------------------------------------------------------------------------
-----------------------------------------------------------------------------

Input image     : /home/joao/Update_ALF/lens_light_subtraction/916/916.fits[1:100,1:100] 
Init. par. file : ./916/galfit_sph.feedme 
Restart file    : galfit.13 
Output image    : /home/joao/Update_ALF/lens_light_subtraction/916/imgblock.fits 

 sersic    : (   50.75,    50.44)   17.47    988.54    7.51   [1.00]   44.62
             (    0.03,     0.03)    0.51    657.46    0.83   [0.00] 290834.59
 sky       : [ 50.50,  50.50]    -1.16  [0.00e+00]  [0.00e+00]
                                  0.13  [0.00e+00]  [0.00e+00]
 Chi^2 = 26578.77316,  ndof = 9746
 Chi^2/nu = 2.727 

-----------------------------------------------------------------------------
-----------------------------------------------------------------------------

Input image     : /home/joao/Update_ALF/lens_light_subtraction/795/795.fits[1:100,1:100] 
Init. par. file : ./795/galfit_sph.feedme 
Restart file    : galfit.14 
Output image    : /home/joao/Update_ALF/lens_light_subtraction/795/imgblock.fits 

 sersic    : (   50.57,    50.49)   17.81    527.43    6.19   [1.00]   34.86
             (    0.02,     0.02)    0.32    207.07    0.46   [0.00] 198860.84
 sky       : [ 50.50,  50.50]    -1.40  [0.00e+00]  [0.00e+00]
                                  0.10  [0.00e+00]  [0.00e+00]
 Chi^2 = 16531.32684,  ndof = 9647
 Chi^2/nu = 1.714 

-----------------------------------------------------------------------------
-----------------------------------------------------------------------------

Input image     : /home/joao/Update_ALF/lens_light_subtraction/3022/3022.fits[1:100,1:100] 
Init. par. file : ./3022/galfit_sph.feedme 
Restart file    : galfit.15 
Output image    : /home/joao/Update_ALF/lens_light_subtraction/3022/imgblock.fits 

 sersic    : (   50.39,    50.54)   20.71     63.76    5.24   [1.00]  -61.53
             (    0.01,     0.01)    0.11     11.94    0.36   [0.00] 152623.44
 sky       : [ 50.50,  50.50]  -1.42e-01  [0.00e+00]  [0.00e+00]
                                1.54e-02  [0.00e+00]  [0.00e+00]
 Chi^2 = 4503.39254,  ndof = 8056
 Chi^2/nu = 0.559 

-----------------------------------------------------------------------------
-----------------------------------------------------------------------------

Input image     : /home/joao/Update_ALF/lens_light_subtraction/3544/3544.fits[1:100,1:100] 
Init. par. file : ./3544/galfit_sph.feedme 
Restart file    : galfit.16 
Output image    : /home/joao/Update_ALF/lens_light_subtraction/3544/imgblock.fits 

 sersic    : (   50.49,    50.50)   20.31     49.73    6.39   [1.00]   34.38
             (    0.01,     0.01)    0.06      5.68    0.24   [0.00] 160828.69
 sky       : [ 50.50,  50.50]  -1.04e-01  [0.00e+00]  [0.00e+00]
                                1.97e-02  [0.00e+00]  [0.00e+00]
 Chi^2 = 12101.64184,  ndof = 9748
 Chi^2/nu = 1.241 

-----------------------------------------------------------------------------
-----------------------------------------------------------------------------

Input image     : /home/joao/Update_ALF/lens_light_subtraction/1074/1074.fits[1:100,1:100] 
Init. par. file : ./1074/galfit_sph.feedme 
Restart file    : galfit.17 
Output image    : /home/joao/Update_ALF/lens_light_subtraction/1074/imgblock.fits 

 sersic    : (   50.52,    50.42)   20.57    200.57    4.68   [1.00]   11.03
             (    0.03,     0.03)    0.34     84.98    0.50   [0.00] 263943.44
 sky       : [ 50.50,  50.50]  -1.34e-01  [0.00e+00]  [0.00e+00]
                                1.85e-02  [0.00e+00]  [0.00e+00]
 Chi^2 = 5135.03652,  ndof = 6530
 Chi^2/nu = 0.786 

-----------------------------------------------------------------------------
-----------------------------------------------------------------------------

Input image     : /home/joao/Update_ALF/lens_light_subtraction/927/927.fits[1:100,1:100] 
Init. par. file : ./927/galfit_sph.feedme 
Restart file    : galfit.18 
Output image    : /home/joao/Update_ALF/lens_light_subtraction/927/imgblock.fits 

 sersic    : (   50.62,    50.46)   19.31    202.66    5.84   [1.00]  -27.55
             (    0.03,     0.03)    0.27     76.08    0.52   [0.00] 249546.30
 sky       : [ 50.50,  50.50]  -4.01e-01  [0.00e+00]  [0.00e+00]
                                5.61e-02  [0.00e+00]  [0.00e+00]
 Chi^2 = 12802.99751,  ndof = 9199
 Chi^2/nu = 1.392 

-----------------------------------------------------------------------------
-----------------------------------------------------------------------------

Input image     : /home/joao/Update_ALF/lens_light_subtraction/643/643.fits[1:100,1:100] 
Init. par. file : ./643/galfit_sph.feedme 
Restart file    : galfit.19 
Output image    : /home/joao/Update_ALF/lens_light_subtraction/643/imgblock.fits 

 sersic    : (   50.21,    50.26)   16.24   1526.90    5.79   [1.00]  -76.00
             (    0.06,     0.07)    0.85   1360.25    0.80   [0.00] 345420.12
 sky       : [ 50.50,  50.50]    -2.52  [0.00e+00]  [0.00e+00]
                                  0.33  [0.00e+00]  [0.00e+00]
 Chi^2 = 27082.04128,  ndof = 9810
 Chi^2/nu = 2.761 

-----------------------------------------------------------------------------
-----------------------------------------------------------------------------

Input image     : /home/joao/Update_ALF/lens_light_subtraction/4067/4067.fits[1:100,1:100] 
Init. par. file : ./4067/galfit_sph.feedme 
Restart file    : galfit.20 
Output image    : /home/joao/Update_ALF/lens_light_subtraction/4067/imgblock.fits 

 sersic    : (   50.40,    50.43)   21.29     66.69    2.99   [1.00]  -59.69
             (    0.04,     0.04)    0.16     12.64    0.22   [0.00] 251639.77
 sky       : [ 50.50,  50.50]  -9.93e-02  [0.00e+00]  [0.00e+00]
                                1.67e-02  [0.00e+00]  [0.00e+00]
 Chi^2 = 4464.16410,  ndof = 6172
 Chi^2/nu = 0.723 

-----------------------------------------------------------------------------
-----------------------------------------------------------------------------

Input image     : /home/joao/Update_ALF/lens_light_subtraction/4685/4685.fits[1:100,1:100] 
Init. par. file : ./4685/galfit_sph.feedme 
Restart file    : galfit.21 
Output image    : /home/joao/Update_ALF/lens_light_subtraction/4685/imgblock.fits 

 sersic    : (   50.61,    50.48)   19.91    173.96    4.03   [1.00]  -14.41
             (    0.03,     0.03)    0.25     49.59    0.31   [0.00] 180759.69
 sky       : [ 50.50,  50.50]  -3.67e-01  [0.00e+00]  [0.00e+00]
                                2.93e-02  [0.00e+00]  [0.00e+00]
 Chi^2 = 4679.85406,  ndof = 7127
 Chi^2/nu = 0.657 

-----------------------------------------------------------------------------
-----------------------------------------------------------------------------

Input image     : /home/joao/Update_ALF/lens_light_subtraction/487/487.fits[1:100,1:100] 
Init. par. file : ./487/galfit_sph.feedme 
Restart file    : galfit.22 
Output image    : /home/joao/Update_ALF/lens_light_subtraction/487/imgblock.fits 

 sersic    : (   50.71,    50.39)   21.42     20.67    1.88   [1.00]    8.51
             (    0.02,     0.02)    0.02      0.76    0.06   [0.00] 125134.03
 sky       : [ 50.50,  50.50]  -3.83e-02  [0.00e+00]  [0.00e+00]
                                1.12e-02  [0.00e+00]  [0.00e+00]
 Chi^2 = 4007.89116,  ndof = 7648
 Chi^2/nu = 0.524 

-----------------------------------------------------------------------------
-----------------------------------------------------------------------------

Input image     : /home/joao/Update_ALF/lens_light_subtraction/1963/1963.fits[1:100,1:100] 
Init. par. file : ./1963/galfit_sph.feedme 
Restart file    : galfit.23 
Output image    : /home/joao/Update_ALF/lens_light_subtraction/1963/imgblock.fits 

 sersic    : (   50.49,    50.46)   20.82    108.51    4.14   [1.00]  -30.00
             (    0.02,     0.03)    0.20     27.91    0.34   [0.00] 164180.06
 sky       : [ 50.50,  50.50]  -1.59e-01  [0.00e+00]  [0.00e+00]
                                1.57e-02  [0.00e+00]  [0.00e+00]
 Chi^2 = 3572.58729,  ndof = 6883
 Chi^2/nu = 0.519 

-----------------------------------------------------------------------------
-----------------------------------------------------------------------------

Input image     : /home/joao/Update_ALF/lens_light_subtraction/394/394.fits[1:100,1:100] 
Init. par. file : ./394/galfit_sph.feedme 
Restart file    : galfit.24 
Output image    : /home/joao/Update_ALF/lens_light_subtraction/394/imgblock.fits 

 sersic    : (   50.50,    50.46)   20.76    282.58    6.28   [1.00]   70.36
             (    0.03,     0.03)    0.36    145.24    0.74   [0.00] 307935.72
 sky       : [ 50.50,  50.50]  -8.05e-02  [0.00e+00]  [0.00e+00]
                                1.13e-02  [0.00e+00]  [0.00e+00]
 Chi^2 = 5342.75922,  ndof = 6483
 Chi^2/nu = 0.824 

-----------------------------------------------------------------------------
-----------------------------------------------------------------------------

Input image     : /home/joao/Update_ALF/lens_light_subtraction/4843/4843.fits[1:100,1:100] 
Init. par. file : ./4843/galfit_sph.feedme 
Restart file    : galfit.25 
Output image    : /home/joao/Update_ALF/lens_light_subtraction/4843/imgblock.fits 

 sersic    : (   46.43,    50.14)   19.12     21.00   *0.03*  [1.00]   20.00
             (    0.12,     0.12)    0.01      1.46   *0.01*  [0.00] 279942.12
 sky       : [ 50.50,  50.50]     3.45  [0.00e+00]  [0.00e+00]
                                  0.26  [0.00e+00]  [0.00e+00]
 Chi^2 = 131541.96229,  ndof = 9993
 Chi^2/nu = 13.163 

-----------------------------------------------------------------------------
-----------------------------------------------------------------------------

Input image     : /home/joao/Update_ALF/lens_light_subtraction/4867/4867.fits[1:100,1:100] 
Init. par. file : ./4867/galfit_sph.feedme 
Restart file    : galfit.26 
Output image    : /home/joao/Update_ALF/lens_light_subtraction/4867/imgblock.fits 

 sersic    : (   50.50,    50.50)   21.53    192.62    8.47   [1.00]   26.00
             (    0.02,     0.02)    0.31    111.56    1.22   [0.00] 429564.06
 sky       : [ 50.50,  50.50]  -3.37e-02  [0.00e+00]  [0.00e+00]
                                6.53e-03  [0.00e+00]  [0.00e+00]
 Chi^2 = 5931.95498,  ndof = 6265
 Chi^2/nu = 0.947 

-----------------------------------------------------------------------------
-----------------------------------------------------------------------------

Input image     : /home/joao/Update_ALF/lens_light_subtraction/2516/2516.fits[1:100,1:100] 
Init. par. file : ./2516/galfit_sph.feedme 
Restart file    : galfit.27 
Output image    : /home/joao/Update_ALF/lens_light_subtraction/2516/imgblock.fits 

 sersic    : (   50.54,    50.56)   22.62     18.50    2.79   [1.00]  -33.44
             (    0.03,     0.03)    0.03      1.18    0.14   [0.00] 463028.88
 sky       : [ 50.50,  50.50]  4.57e-02  [0.00e+00]  [0.00e+00]
                                4.56e-03  [0.00e+00]  [0.00e+00]
 Chi^2 = 6138.61297,  ndof = 6359
 Chi^2/nu = 0.965 

-----------------------------------------------------------------------------
-----------------------------------------------------------------------------

Input image     : /home/joao/Update_ALF/lens_light_subtraction/3586/3586.fits[1:100,1:100] 
Init. par. file : ./3586/galfit_sph.feedme 
Restart file    : galfit.28 
Output image    : /home/joao/Update_ALF/lens_light_subtraction/3586/imgblock.fits 

 sersic    : (   50.49,    50.48)   21.67     46.52    4.98   [1.00]  -65.75
             (    0.02,     0.02)    0.11      9.18    0.41   [0.00] 215483.47
 sky       : [ 50.50,  50.50]  -3.57e-02  [0.00e+00]  [0.00e+00]
                                8.05e-03  [0.00e+00]  [0.00e+00]
 Chi^2 = 4460.82864,  ndof = 7445
 Chi^2/nu = 0.599 

-----------------------------------------------------------------------------
-----------------------------------------------------------------------------

Input image     : /home/joao/Update_ALF/lens_light_subtraction/4316/4316.fits[1:100,1:100] 
Init. par. file : ./4316/galfit_sph.feedme 
Restart file    : galfit.29 
Output image    : /home/joao/Update_ALF/lens_light_subtraction/4316/imgblock.fits 

 sersic    : (   50.58,    50.55)   16.53    843.69    7.47   [1.00]   54.00
             (    0.02,     0.02)    0.40    446.81    0.67   [0.00] 287257.00
 sky       : [ 50.50,  50.50]    -3.03  [0.00e+00]  [0.00e+00]
                                  0.32  [0.00e+00]  [0.00e+00]
 Chi^2 = 25287.92847,  ndof = 9993
 Chi^2/nu = 2.531 

-----------------------------------------------------------------------------
-----------------------------------------------------------------------------

Input image     : /home/joao/Update_ALF/lens_light_subtraction/4967/4967.fits[1:100,1:100] 
Init. par. file : ./4967/galfit_sph.feedme 
Restart file    : galfit.30 
Output image    : /home/joao/Update_ALF/lens_light_subtraction/4967/imgblock.fits 

 sersic    : (   50.44,    50.48)   19.57    119.78    7.00   [1.00]  -58.91
             (    0.01,     0.01)    0.12     23.31    0.36   [0.00] 157025.12
 sky       : [ 50.50,  50.50]  -3.34e-01  [0.00e+00]  [0.00e+00]
                                3.12e-02  [0.00e+00]  [0.00e+00]
 Chi^2 = 10037.51652,  ndof = 9632
 Chi^2/nu = 1.042 

-----------------------------------------------------------------------------
-----------------------------------------------------------------------------

Input image     : /home/joao/Update_ALF/lens_light_subtraction/2100/2100.fits[1:100,1:100] 
Init. par. file : ./2100/galfit_sph.feedme 
Restart file    : galfit.31 
Output image    : /home/joao/Update_ALF/lens_light_subtraction/2100/imgblock.fits 

 sersic    : (   50.49,    50.51)   21.37    136.27    4.09   [1.00]  -67.84
             (    0.05,     0.04)    0.47     78.42    0.69   [0.00] 323458.59
 sky       : [ 50.50,  50.50]  -7.91e-02  [0.00e+00]  [0.00e+00]
                                1.77e-02  [0.00e+00]  [0.00e+00]
 Chi^2 = 5613.93873,  ndof = 6611
 Chi^2/nu = 0.849 

-----------------------------------------------------------------------------
-----------------------------------------------------------------------------

Input image     : /home/joao/Update_ALF/lens_light_subtraction/4122/4122.fits[1:100,1:100] 
Init. par. file : ./4122/galfit_sph.feedme 
Restart file    : galfit.32 
Output image    : /home/joao/Update_ALF/lens_light_subtraction/4122/imgblock.fits 

 sersic    : (   51.19,    50.71)   17.55    598.00    3.57   [1.00]  -76.23
             (    0.08,     0.07)    0.62    317.30    0.35   [0.00] 208180.34
 sky       : [ 50.50,  50.50]    -1.41  [0.00e+00]  [0.00e+00]
                                  0.15  [0.00e+00]  [0.00e+00]
 Chi^2 = 11813.34963,  ndof = 8695
 Chi^2/nu = 1.359 

-----------------------------------------------------------------------------
-----------------------------------------------------------------------------

Input image     : /home/joao/Update_ALF/lens_light_subtraction/30/30.fits[1:100,1:100] 
Init. par. file : ./30/galfit_sph.feedme 
Restart file    : galfit.33 
Output image    : /home/joao/Update_ALF/lens_light_subtraction/30/imgblock.fits 

 sersic    : (   50.41,    50.49)   21.94     51.16    4.36   [1.00]   67.38
             (    0.02,     0.02)    0.13     10.32    0.37   [0.00] 323059.09
 sky       : [ 50.50,  50.50]  -2.26e-02  [0.00e+00]  [0.00e+00]
                                7.47e-03  [0.00e+00]  [0.00e+00]
 Chi^2 = 5122.33042,  ndof = 5696
 Chi^2/nu = 0.899 

-----------------------------------------------------------------------------
-----------------------------------------------------------------------------

Input image     : /home/joao/Update_ALF/lens_light_subtraction/66/66.fits[1:100,1:100] 
Init. par. file : ./66/galfit_sph.feedme 
Restart file    : galfit.34 
Output image    : /home/joao/Update_ALF/lens_light_subtraction/66/imgblock.fits 

 sersic    : (   50.51,    50.52)   19.39    113.38    7.44   [1.00]   63.50
             (    0.01,     0.01)    0.10     19.06    0.32   [0.00] 174733.08
 sky       : [ 50.50,  50.50]  -3.79e-01  [0.00e+00]  [0.00e+00]
                                3.76e-02  [0.00e+00]  [0.00e+00]
 Chi^2 = 22501.20095,  ndof = 9893
 Chi^2/nu = 2.274 

-----------------------------------------------------------------------------
-----------------------------------------------------------------------------

Input image     : /home/joao/Update_ALF/lens_light_subtraction/839/839.fits[1:100,1:100] 
Init. par. file : ./839/galfit_sph.feedme 
Restart file    : galfit.35 
Output image    : /home/joao/Update_ALF/lens_light_subtraction/839/imgblock.fits 

 sersic    : (   50.36,    50.51)   19.39     88.19    4.26   [1.00]  -80.62
             (    0.02,     0.02)    0.09     10.20    0.15   [0.00] 149800.31
 sky       : [ 50.50,  50.50]  -7.20e-01  [0.00e+00]  [0.00e+00]
                                4.62e-02  [0.00e+00]  [0.00e+00]
 Chi^2 = 10313.28136,  ndof = 9638
 Chi^2/nu = 1.070 

-----------------------------------------------------------------------------
-----------------------------------------------------------------------------

Input image     : /home/joao/Update_ALF/lens_light_subtraction/3907/3907.fits[1:100,1:100] 
Init. par. file : ./3907/galfit_sph.feedme 
Restart file    : galfit.36 
Output image    : /home/joao/Update_ALF/lens_light_subtraction/3907/imgblock.fits 

 sersic    : (   50.54,    50.48)   19.65    438.32    6.78   [1.00]  -71.69
             (    0.02,     0.02)    0.43    269.49    0.88   [0.00] 173084.20
 sky       : [ 50.50,  50.50]  -2.65e-01  [0.00e+00]  [0.00e+00]
                                2.25e-02  [0.00e+00]  [0.00e+00]
 Chi^2 = 4360.93223,  ndof = 7061
 Chi^2/nu = 0.618 

-----------------------------------------------------------------------------
-----------------------------------------------------------------------------

Input image     : /home/joao/Update_ALF/lens_light_subtraction/3774/3774.fits[1:100,1:100] 
Init. par. file : ./3774/galfit_sph.feedme 
Restart file    : galfit.37 
Output image    : /home/joao/Update_ALF/lens_light_subtraction/3774/imgblock.fits 

 sersic    : (   50.47,    50.35)   22.44     41.14    2.99   [1.00]  -61.92
             (    0.03,     0.03)    0.12      6.90    0.24   [0.00] 392233.88
 sky       : [ 50.50,  50.50]  -6.81e-04  [0.00e+00]  [0.00e+00]
                                7.52e-03  [0.00e+00]  [0.00e+00]
 Chi^2 = 5479.40183,  ndof = 6281
 Chi^2/nu = 0.872 

-----------------------------------------------------------------------------
-----------------------------------------------------------------------------

Input image     : /home/joao/Update_ALF/lens_light_subtraction/4636/4636.fits[1:100,1:100] 
Init. par. file : ./4636/galfit_sph.feedme 
Restart file    : galfit.38 
Output image    : /home/joao/Update_ALF/lens_light_subtraction/4636/imgblock.fits 

 sersic    : (   50.44,    50.57)   23.57     31.57    2.70   [1.00]   54.50
             (    0.09,     0.09)    0.25     11.32    0.57   [0.00] 1136750.38
 sky       : [ 50.50,  50.50]  7.12e-03  [0.00e+00]  [0.00e+00]
                                7.40e-03  [0.00e+00]  [0.00e+00]
 Chi^2 = 6127.12347,  ndof = 5732
 Chi^2/nu = 1.069 

-----------------------------------------------------------------------------
-----------------------------------------------------------------------------

Input image     : /home/joao/Update_ALF/lens_light_subtraction/3162/3162.fits[1:100,1:100] 
Init. par. file : ./3162/galfit_sph.feedme 
Restart file    : galfit.39 
Output image    : /home/joao/Update_ALF/lens_light_subtraction/3162/imgblock.fits 

 sersic    : (   48.93,    50.94)   19.45     17.99    0.18   [1.00]   89.00
             (    0.08,     0.08)    0.01      0.06    0.00   [0.00] 229752.83
 sky       : [ 50.50,  50.50]     2.58  [0.00e+00]  [0.00e+00]
                                  0.10  [0.00e+00]  [0.00e+00]
 Chi^2 = 25288.83729,  ndof = 9993
 Chi^2/nu = 2.531 

-----------------------------------------------------------------------------
